<?xml version="1.0" encoding="UTF-8"?>
<testsuite name="it.unife.sample.backend.BackendApplicationTests" tests="1" skipped="0" failures="0" errors="0" timestamp="2026-05-15T08:11:44.364Z" hostname="LAPTOP-R5Q25EIV" time="5.139">
  <properties/>
  <testcase name="contextLoads()" classname="it.unife.sample.backend.BackendApplicationTests" time="5.139"/>
  <system-out><![CDATA[10:10:17.217 [Test worker] INFO org.springframework.test.context.support.AnnotationConfigContextLoaderUtils -- Could not detect default configuration classes for test class [it.unife.sample.backend.BackendApplicationTests]: BackendApplicationTests does not declare any static, non-private, non-final, nested classes annotated with @Configuration.
10:10:19.745 [Test worker] INFO org.springframework.boot.test.context.SpringBootTestContextBootstrapper -- Found @SpringBootConfiguration it.unife.sample.backend.BackendApplication for test class it.unife.sample.backend.BackendApplicationTests

  .   ____          _            __ _ _
 /\\ / ___'_ __ _ _(_)_ __  __ _ \ \ \ \
( ( )\___ | '_ | '_| | '_ \/ _` | \ \ \ \
 \\/  ___)| |_)| | | | | || (_| |  ) ) ) )
  '  |____| .__|_| |_|_| |_\__, | / / / /
 =========|_|==============|___/=/_/_/_/

 :: Spring Boot ::                (v3.4.4)

2026-05-15T10:10:29.730+02:00  INFO 13975 --- [webapp] [    Test worker] i.u.s.backend.BackendApplicationTests    : Starting BackendApplicationTests using Java 17.0.18 with PID 13975 (started by eva in /mnt/c/Users/zoesa/Desktop/Progetto/PiccoloCimiteroMonumentale-BE)
2026-05-15T10:10:29.738+02:00  INFO 13975 --- [webapp] [    Test worker] i.u.s.backend.BackendApplicationTests    : No active profile set, falling back to 1 default profile: "default"
2026-05-15T10:10:39.321+02:00  INFO 13975 --- [webapp] [    Test worker] .s.d.r.c.RepositoryConfigurationDelegate : Bootstrapping Spring Data JPA repositories in DEFAULT mode.
2026-05-15T10:10:40.686+02:00  INFO 13975 --- [webapp] [    Test worker] .s.d.r.c.RepositoryConfigurationDelegate : Finished Spring Data repository scanning in 1147 ms. Found 1 JPA repository interface.
2026-05-15T10:10:47.642+02:00  INFO 13975 --- [webapp] [    Test worker] o.hibernate.jpa.internal.util.LogHelper  : HHH000204: Processing PersistenceUnitInfo [name: default]
2026-05-15T10:10:50.078+02:00  INFO 13975 --- [webapp] [    Test worker] org.hibernate.Version                    : HHH000412: Hibernate ORM core version 6.6.11.Final
2026-05-15T10:10:51.297+02:00  INFO 13975 --- [webapp] [    Test worker] o.h.c.internal.RegionFactoryInitiator    : HHH000026: Second-level cache disabled
2026-05-15T10:11:00.500+02:00  INFO 13975 --- [webapp] [    Test worker] o.s.o.j.p.SpringPersistenceUnitInfo      : No LoadTimeWeaver setup: ignoring JPA class transformer
2026-05-15T10:11:01.591+02:00  INFO 13975 --- [webapp] [    Test worker] com.zaxxer.hikari.HikariDataSource       : HikariPool-1 - Starting...
2026-05-15T10:11:05.226+02:00  INFO 13975 --- [webapp] [    Test worker] com.zaxxer.hikari.pool.HikariPool        : HikariPool-1 - Added connection com.mysql.cj.jdbc.ConnectionImpl@6cd7f381
2026-05-15T10:11:05.269+02:00  INFO 13975 --- [webapp] [    Test worker] com.zaxxer.hikari.HikariDataSource       : HikariPool-1 - Start completed.
2026-05-15T10:11:06.299+02:00  WARN 13975 --- [webapp] [    Test worker] org.hibernate.orm.deprecation            : HHH90000025: MySQL8Dialect does not need to be specified explicitly using 'hibernate.dialect' (remove the property setting and it will be selected by default)
2026-05-15T10:11:06.330+02:00  WARN 13975 --- [webapp] [    Test worker] org.hibernate.orm.deprecation            : HHH90000026: MySQL8Dialect has been deprecated; use org.hibernate.dialect.MySQLDialect instead
2026-05-15T10:11:06.817+02:00  INFO 13975 --- [webapp] [    Test worker] org.hibernate.orm.connections.pooling    : HHH10001005: Database info:
	Database JDBC URL [Connecting through datasource 'HikariDataSource (HikariPool-1)']
	Database driver: undefined/unknown
	Database version: 8.0
	Autocommit mode: undefined/unknown
	Isolation level: undefined/unknown
	Minimum pool size: undefined/unknown
	Maximum pool size: undefined/unknown
2026-05-15T10:11:30.465+02:00  INFO 13975 --- [webapp] [    Test worker] o.h.e.t.j.p.i.JtaPlatformInitiator       : HHH000489: No JTA platform available (set 'hibernate.transaction.jta.platform' to enable JTA platform integration)
2026-05-15T10:11:31.624+02:00  INFO 13975 --- [webapp] [    Test worker] j.LocalContainerEntityManagerFactoryBean : Initialized JPA EntityManagerFactory for persistence unit 'default'
2026-05-15T10:11:37.667+02:00  WARN 13975 --- [webapp] [    Test worker] JpaBaseConfiguration$JpaWebConfiguration : spring.jpa.open-in-view is enabled by default. Therefore, database queries may be performed during view rendering. Explicitly configure spring.jpa.open-in-view to disable this warning
2026-05-15T10:11:44.065+02:00  INFO 13975 --- [webapp] [    Test worker] i.u.s.backend.BackendApplicationTests    : Started BackendApplicationTests in 80.777 seconds (process running for 98.348)
]]></system-out>
  <system-err><![CDATA[]]></system-err>
</testsuite>
